<?xml version="1.0" encoding="UTF-8"?>
<!-- Generated by org.testng.reporters.JUnitXMLReporter -->
<testsuite ignored="51" hostname="EQHP-R38G-12" failures="1" tests="1" name="Default test" time="76.267" errors="0" timestamp="2023-09-01T19:12:10 IST">
  <testcase classname="Tests.Registry_Module3_MCII_Test" name="Validation_of_Quantity_against_Reserve_Budget_for_Price_Containment_Reserve_Allowance_Issuance" time="72.57">
    <failure type="java.lang.AssertionError" message="expected [The issuance has been successfully prepared and is awaiting review.] but found [The allowance quantity exceeds the allowances that can be issued from the Reserve Budget]">
      <![CDATA[java.lang.AssertionError: expected [The issuance has been successfully prepared and is awaiting review.] but found [The allowance quantity exceeds the allowances that can be issued from the Reserve Budget]
at org.testng.Assert.fail(Assert.java:99)
at org.testng.Assert.failNotEquals(Assert.java:1037)
at org.testng.Assert.assertEqualsImpl(Assert.java:140)
at org.testng.Assert.assertEquals(Assert.java:122)
at org.testng.Assert.assertEquals(Assert.java:629)
at org.testng.Assert.assertEquals(Assert.java:639)
at pageObjects.Registry_Module3_MCII.validateQuantity_PCRAIssuance(Registry_Module3_MCII.java:3346)
at Tests.Registry_Module3_MCII_Test.Validation_of_Quantity_against_Reserve_Budget_for_Price_Containment_Reserve_Allowance_Issuance(Registry_Module3_MCII_Test.java:694)
at java.base/jdk.internal.reflect.NativeMethodAccessorImpl.invoke0(Native Method)
at java.base/jdk.internal.reflect.NativeMethodAccessorImpl.invoke(NativeMethodAccessorImpl.java:77)
at java.base/jdk.internal.reflect.DelegatingMethodAccessorImpl.invoke(DelegatingMethodAccessorImpl.java:43)
at java.base/java.lang.reflect.Method.invoke(Method.java:568)
at org.testng.internal.MethodInvocationHelper.invokeMethod(MethodInvocationHelper.java:133)
at org.testng.internal.TestInvoker.invokeMethod(TestInvoker.java:598)
at org.testng.internal.TestInvoker.invokeTestMethod(TestInvoker.java:173)
at org.testng.internal.MethodRunner.runInSequence(MethodRunner.java:46)
at org.testng.internal.TestInvoker$MethodInvocationAgent.invoke(TestInvoker.java:824)
at org.testng.internal.TestInvoker.invokeTestMethods(TestInvoker.java:146)
at org.testng.internal.TestMethodWorker.invokeTestMethods(TestMethodWorker.java:146)
at org.testng.internal.TestMethodWorker.run(TestMethodWorker.java:128)
at java.base/java.util.ArrayList.forEach(ArrayList.java:1511)
at org.testng.TestRunner.privateRun(TestRunner.java:794)
at org.testng.TestRunner.run(TestRunner.java:596)
at org.testng.SuiteRunner.runTest(SuiteRunner.java:377)
at org.testng.SuiteRunner.runSequentially(SuiteRunner.java:371)
at org.testng.SuiteRunner.privateRun(SuiteRunner.java:332)
at org.testng.SuiteRunner.run(SuiteRunner.java:276)
at org.testng.SuiteRunnerWorker.runSuite(SuiteRunnerWorker.java:53)
at org.testng.SuiteRunnerWorker.run(SuiteRunnerWorker.java:96)
at org.testng.TestNG.runSuitesSequentially(TestNG.java:1212)
at org.testng.TestNG.runSuitesLocally(TestNG.java:1134)
at org.testng.TestNG.runSuites(TestNG.java:1063)
at org.testng.TestNG.run(TestNG.java:1031)
at org.testng.remote.AbstractRemoteTestNG.run(AbstractRemoteTestNG.java:115)
at org.testng.remote.RemoteTestNG.initAndRun(RemoteTestNG.java:251)
at org.testng.remote.RemoteTestNG.main(RemoteTestNG.java:77)
]]>
    </failure>
  </testcase> <!-- Validation_of_Quantity_against_Reserve_Budget_for_Price_Containment_Reserve_Allowance_Issuance -->
  <testcase classname="Tests.Registry_Module3_MCII_Test" name="Verification_of_Serialized_Block_code_Start_and_End_on_Compliance_Instruments_table_for_Denied_Allowance_Issuance" time="0.0">
    <ignored/>
  </testcase> <!-- Verification_of_Serialized_Block_code_Start_and_End_on_Compliance_Instruments_table_for_Denied_Allowance_Issuance -->
  <testcase classname="Tests.Registry_Module3_MCII_Test" name="Verification_of_Updated_status_after_Approval_of_Allowance_Issuance" time="0.0">
    <ignored/>
  </testcase> <!-- Verification_of_Updated_status_after_Approval_of_Allowance_Issuance -->
  <testcase classname="Tests.Registry_Module3_MCII_Test" name="Verification_of_Create_New_Project_Operator_functionality_from_Project_name_dropdown_of_Offset_Issuance_Page" time="0.0">
    <ignored/>
  </testcase> <!-- Verification_of_Create_New_Project_Operator_functionality_from_Project_name_dropdown_of_Offset_Issuance_Page -->
  <testcase classname="Tests.Registry_Module3_MCII_Test" name="Verification_of_Deny_Proposed_Offset_Issuance_without_providing_comment" time="0.0">
    <ignored/>
  </testcase> <!-- Verification_of_Deny_Proposed_Offset_Issuance_without_providing_comment -->
  <testcase classname="Tests.Registry_Module3_MCII_Test" name="Verification_of_status_update_after_Offset_issuance_is_denied_by_Jurisdiction_Authority" time="0.0">
    <ignored/>
  </testcase> <!-- Verification_of_status_update_after_Offset_issuance_is_denied_by_Jurisdiction_Authority -->
  <testcase classname="Tests.Registry_Module3_MCII_Test" name="Verification_of_Start_and_End_Reporting_Period_on_Offset_Issuance_Page" time="0.0">
    <ignored/>
  </testcase> <!-- Verification_of_Start_and_End_Reporting_Period_on_Offset_Issuance_Page -->
  <testcase classname="Tests.Registry_Module3_MCII_Test" name="Verification_of_Jurisdiction_Admin_to_create_multiple_Allowance_Issuance_Proposals" time="0.0">
    <ignored/>
  </testcase> <!-- Verification_of_Jurisdiction_Admin_to_create_multiple_Allowance_Issuance_Proposals -->
  <testcase classname="Tests.Registry_Module3_MCII_Test" name="Verification_of_Cancel_button_functionality_of_Offset_Issuance_details_page" time="0.0">
    <ignored/>
  </testcase> <!-- Verification_of_Cancel_button_functionality_of_Offset_Issuance_details_page -->
  <testcase classname="Tests.Registry_Module3_MCII_Test" name="Verification_of_the_Special_Category_dropdown_menu_on_Offset_Issuance_Page" time="0.0">
    <ignored/>
  </testcase> <!-- Verification_of_the_Special_Category_dropdown_menu_on_Offset_Issuance_Page -->
  <testcase classname="Tests.Registry_Module3_MCII_Test" name="Verification_of_Create_New_Verification_Body_functionality_from_Verification_Body_dropdown_of_Offset_Issuance_Page" time="0.0">
    <ignored/>
  </testcase> <!-- Verification_of_Create_New_Verification_Body_functionality_from_Verification_Body_dropdown_of_Offset_Issuance_Page -->
  <testcase classname="Tests.Registry_Module3_MCII_Test" name="Verification_of_update_issuance_records_after_allowance_issuance_is_proposed" time="0.0">
    <ignored/>
  </testcase> <!-- Verification_of_update_issuance_records_after_allowance_issuance_is_proposed -->
  <testcase classname="Tests.Registry_Module3_MCII_Test" name="Verification_of_Serialized_Block_code_Start_and_End_when_Jurisidiction_Authority_denies_the_Offset_Issuance" time="0.0">
    <ignored/>
  </testcase> <!-- Verification_of_Serialized_Block_code_Start_and_End_when_Jurisidiction_Authority_denies_the_Offset_Issuance -->
  <testcase classname="Tests.Registry_Module3_MCII_Test" name="Verification_of_status_update_after_Offset_issuance_is_approved_by_Jurisdiction_Authority" time="0.0">
    <ignored/>
  </testcase> <!-- Verification_of_status_update_after_Offset_issuance_is_approved_by_Jurisdiction_Authority -->
  <testcase classname="Tests.Registry_Module3_MCII_Test" name="UI_Verification_of_Issuance_Account_page_for_Jurisdiction_User" time="0.0">
    <ignored/>
  </testcase> <!-- UI_Verification_of_Issuance_Account_page_for_Jurisdiction_User -->
  <testcase classname="Tests.Registry_Module3_MCII_Test" name="Verification_of_Create_New_Project_Name_functionality_from_Project_name_dropdown_of_Offset_Issuance_Page" time="0.0">
    <ignored/>
  </testcase> <!-- Verification_of_Create_New_Project_Name_functionality_from_Project_name_dropdown_of_Offset_Issuance_Page -->
  <testcase classname="Tests.Registry_Module3_MCII_Test" name="Verification_of_Create_New_Project_Operator_functionality_of_Offset_Issuance_Page_by_entering_existing_Project_Operator" time="0.0">
    <ignored/>
  </testcase> <!-- Verification_of_Create_New_Project_Operator_functionality_of_Offset_Issuance_Page_by_entering_existing_Project_Operator -->
  <testcase classname="Tests.Registry_Module3_MCII_Test" name="Verification_of_Create_New_Project_Name_functionality_on_Offset_Issuance_Page_by_entering_existing_Project_Name" time="0.0">
    <ignored/>
  </testcase> <!-- Verification_of_Create_New_Project_Name_functionality_on_Offset_Issuance_Page_by_entering_existing_Project_Name -->
  <testcase classname="Tests.Registry_Module3_MCII_Test" name="Verification_of_Cancel_button_functionality_of_Offset_Issuance_page" time="0.0">
    <ignored/>
  </testcase> <!-- Verification_of_Cancel_button_functionality_of_Offset_Issuance_page -->
  <testcase classname="Tests.Registry_Module3_MCII_Test" name="Verification_of_Allowance_Issuance_page_UI_for_Jurisdiction_Admin" time="0.0">
    <ignored/>
  </testcase> <!-- Verification_of_Allowance_Issuance_page_UI_for_Jurisdiction_Admin -->
  <testcase classname="Tests.Registry_Module3_MCII_Test" name="Verification_of_Cancel_button_functionality_on_Proposed_offset_issuance_details_page_for_Jurisdiction_Authority" time="0.0">
    <ignored/>
  </testcase> <!-- Verification_of_Cancel_button_functionality_on_Proposed_offset_issuance_details_page_for_Jurisdiction_Authority -->
  <testcase classname="Tests.Registry_Module3_MCII_Test" name="Validation_of_Passphrase_field_on_Confirm_Issuance_Proposal_Popup" time="0.0">
    <ignored/>
  </testcase> <!-- Validation_of_Passphrase_field_on_Confirm_Issuance_Proposal_Popup -->
  <testcase classname="Tests.Registry_Module3_MCII_Test" name="Verification_of_Offset_Project_Operator_dropdown_menu_on_Offset_Issuance_Page" time="0.0">
    <ignored/>
  </testcase> <!-- Verification_of_Offset_Project_Operator_dropdown_menu_on_Offset_Issuance_Page -->
  <testcase classname="Tests.Registry_Module3_MCII_Test" name="Verification_of_Approve_Proposed_Offset_Issuance_by_Jurisdiction_Authority" time="0.0">
    <ignored/>
  </testcase> <!-- Verification_of_Approve_Proposed_Offset_Issuance_by_Jurisdiction_Authority -->
  <testcase classname="Tests.Registry_Module3_MCII_Test" name="Verification_of_status_update_after_Allowance_issuance_is_Revisions_Requested_by_Jurisdiction_Authority" time="0.0">
    <ignored/>
  </testcase> <!-- Verification_of_status_update_after_Allowance_issuance_is_Revisions_Requested_by_Jurisdiction_Authority -->
  <testcase classname="Tests.Registry_Module3_MCII_Test" name="Verification_of_Create_New_Verification_Body_functionality_of_Offset_Issuance_Page_by_entering_existing_Verification_Body" time="0.0">
    <ignored/>
  </testcase> <!-- Verification_of_Create_New_Verification_Body_functionality_of_Offset_Issuance_Page_by_entering_existing_Verification_Body -->
  <testcase classname="Tests.Registry_Module3_MCII_Test" name="Validation_of_Subtype_dropdown_menu_functionality_on_Allowance_Issuance_page" time="0.0">
    <ignored/>
  </testcase> <!-- Validation_of_Subtype_dropdown_menu_functionality_on_Allowance_Issuance_page -->
  <testcase classname="Tests.Registry_Module3_MCII_Test" name="UI_Verification_of_My_Approvals_page_for_Jurisdiction_Authority" time="0.0">
    <ignored/>
  </testcase> <!-- UI_Verification_of_My_Approvals_page_for_Jurisdiction_Authority -->
  <testcase classname="Tests.Registry_Module3_MCII_Test" name="Validation_of_Quantity_of_Vintaged_Allowance_issuance_against_Allowance_Outstanding_for_Reserve_Adjusted_Allowance_Budget" time="0.0">
    <ignored/>
  </testcase> <!-- Validation_of_Quantity_of_Vintaged_Allowance_issuance_against_Allowance_Outstanding_for_Reserve_Adjusted_Allowance_Budget -->
  <testcase classname="Tests.Registry_Module3_MCII_Test" name="Validation_of_Quantity_field_on_Allowance_Issuance_page" time="0.0">
    <ignored/>
  </testcase> <!-- Validation_of_Quantity_field_on_Allowance_Issuance_page -->
  <testcase classname="Tests.Registry_Module3_MCII_Test" name="Verification_of_Cancel_button_functionality_on_Proposed_Allowance_issuance_details_page_for_Jurisdiction_Authority" time="0.0">
    <ignored/>
  </testcase> <!-- Verification_of_Cancel_button_functionality_on_Proposed_Allowance_issuance_details_page_for_Jurisdiction_Authority -->
  <testcase classname="Tests.Registry_Module3_MCII_Test" name="Verification_of_Functionality_Prepare_and_Propose_an_Allowance_Issuance" time="0.0">
    <ignored/>
  </testcase> <!-- Verification_of_Functionality_Prepare_and_Propose_an_Allowance_Issuance -->
  <testcase classname="Tests.Registry_Module3_MCII_Test" name="Validation_of_Start_and_End_Reporting_Period_on_Offset_Issuance_Page_if_the_Begin_Reporting_Period_date_is_earlier_than_the_End_Reporting_Period" time="0.0">
    <ignored/>
  </testcase> <!-- Validation_of_Start_and_End_Reporting_Period_on_Offset_Issuance_Page_if_the_Begin_Reporting_Period_date_is_earlier_than_the_End_Reporting_Period -->
  <testcase classname="Tests.Registry_Module3_MCII_Test" name="UI_Verification_of_Offset_Issuance_page_for_Jurisdiction_Admin" time="0.0">
    <ignored/>
  </testcase> <!-- UI_Verification_of_Offset_Issuance_page_for_Jurisdiction_Admin -->
  <testcase classname="Tests.Registry_Module3_MCII_Test" name="Verification_of_Denial_of_Allowance_Issuance_by_Jurisdiction_Authority" time="0.0">
    <ignored/>
  </testcase> <!-- Verification_of_Denial_of_Allowance_Issuance_by_Jurisdiction_Authority -->
  <testcase classname="Tests.Registry_Module3_MCII_Test" name="Validation_of_Vintage_Year_dropdown_field_on_Allowance_Issuance_page" time="0.0">
    <ignored/>
  </testcase> <!-- Validation_of_Vintage_Year_dropdown_field_on_Allowance_Issuance_page -->
  <testcase classname="Tests.Registry_Module3_MCII_Test" name="Verification_of_quick_actions_button_on_Issuance_Account_page_to_Jurisdiction_Admin" time="0.0">
    <ignored/>
  </testcase> <!-- Verification_of_quick_actions_button_on_Issuance_Account_page_to_Jurisdiction_Admin -->
  <testcase classname="Tests.Registry_Module3_MCII_Test" name="Verification_of_Cancel_button_functionality_of_Allowance_Issuance_page" time="0.0">
    <ignored/>
  </testcase> <!-- Verification_of_Cancel_button_functionality_of_Allowance_Issuance_page -->
  <testcase classname="Tests.Registry_Module3_MCII_Test" name="Validation_of_Quantity_of_Vintaged_Allowance_issuance_against_Allowance_Outstanding_for_Reserve_Adjusted_Allowance_Budget_when_another_issuance_is_proposed_for_the_vintage_year" time="0.0">
    <ignored/>
  </testcase> <!-- Validation_of_Quantity_of_Vintaged_Allowance_issuance_against_Allowance_Outstanding_for_Reserve_Adjusted_Allowance_Budget_when_another_issuance_is_proposed_for_the_vintage_year -->
  <testcase classname="Tests.Registry_Module3_MCII_Test" name="Verification_of_Cancel_button_functionality_on_Proposed_Allowance_issuance_page_for_Jurisdiction_Admin" time="0.0">
    <ignored/>
  </testcase> <!-- Verification_of_Cancel_button_functionality_on_Proposed_Allowance_issuance_page_for_Jurisdiction_Admin -->
  <testcase classname="Tests.Registry_Module3_MCII_Test" name="Verification_of_Vintage_year_and_subtype_If_neither_are_specified" time="0.0">
    <ignored/>
  </testcase> <!-- Verification_of_Vintage_year_and_subtype_If_neither_are_specified -->
  <testcase classname="Tests.Registry_Module3_MCII_Test" name="Verification_of_Verification_Body_dropdown_menu_on_Offset_Issuance_Page" time="0.0">
    <ignored/>
  </testcase> <!-- Verification_of_Verification_Body_dropdown_menu_on_Offset_Issuance_Page -->
  <testcase classname="Tests.Registry_Module3_MCII_Test" name="Verification_of_Deny_Proposed_Offset_Issuance_by_Jurisdiction_Authority" time="0.0">
    <ignored/>
  </testcase> <!-- Verification_of_Deny_Proposed_Offset_Issuance_by_Jurisdiction_Authority -->
  <testcase classname="Tests.Registry_Module3_MCII_Test" name="Verification_of_Propose_Allowance_Issuance_by_Jurisdiction_Admin" time="0.0">
    <ignored/>
  </testcase> <!-- Verification_of_Propose_Allowance_Issuance_by_Jurisdiction_Admin -->
  <testcase classname="Tests.Registry_Module3_MCII_Test" name="Verification_of_status_update_after_Allowance_issuance_is_denied_by_Jurisdiction_Authority" time="0.0">
    <ignored/>
  </testcase> <!-- Verification_of_status_update_after_Allowance_issuance_is_denied_by_Jurisdiction_Authority -->
  <testcase classname="Tests.Registry_Module3_MCII_Test" name="Validation_of_Quantity_field_against_Total_Adjusted_Allowance_Budget_Summed_for_all_budget_years_for_Vintaged_allowance_issuance" time="0.0">
    <ignored/>
  </testcase> <!-- Validation_of_Quantity_field_against_Total_Adjusted_Allowance_Budget_Summed_for_all_budget_years_for_Vintaged_allowance_issuance -->
  <testcase classname="Tests.Registry_Module3_MCII_Test" name="Verification_of_Deny_Allowance_Issuance_without_providing_comment" time="0.0">
    <ignored/>
  </testcase> <!-- Verification_of_Deny_Allowance_Issuance_without_providing_comment -->
  <testcase classname="Tests.Registry_Module3_MCII_Test" name="Verification_of_status_update_after_Offset_issuance_is_Revisions_Requested_by_Jurisdiction_Authority" time="0.0">
    <ignored/>
  </testcase> <!-- Verification_of_status_update_after_Offset_issuance_is_Revisions_Requested_by_Jurisdiction_Authority -->
  <testcase classname="Tests.Registry_Module3_MCII_Test" name="Verification_of_Cancel_button_functionality_on_Proposed_Offset_issuance_page_for_Jurisdiction_Admin" time="0.0">
    <ignored/>
  </testcase> <!-- Verification_of_Cancel_button_functionality_on_Proposed_Offset_issuance_page_for_Jurisdiction_Admin -->
  <testcase classname="Tests.Registry_Module3_MCII_Test" name="Verification_of_Approved_offset_records_on_Issuance_Account_page" time="0.0">
    <ignored/>
  </testcase> <!-- Verification_of_Approved_offset_records_on_Issuance_Account_page -->
  <testcase classname="Tests.Registry_Module3_MCII_Test" name="Validation_of_both_Vintage_year_and_Sub_type_are_selected" time="0.0">
    <ignored/>
  </testcase> <!-- Validation_of_both_Vintage_year_and_Sub_type_are_selected -->
  <testcase classname="Tests.Registry_Module3_MCII_Test" name="Verification_of_quick_actions_button_on_Issuance_Account_page_to_Jurisdiction_Users_other_than_Admin" time="0.0">
    <ignored/>
  </testcase> <!-- Verification_of_quick_actions_button_on_Issuance_Account_page_to_Jurisdiction_Users_other_than_Admin -->
</testsuite> <!-- Default test -->
