<?xml version="1.0" encoding="UTF-8"?>
<!-- Generated by org.testng.reporters.JUnitXMLReporter -->
<testsuite ignored="0" hostname="EQHP-R38G-12" failures="2" tests="18" name="Test" time="1641.969" errors="0" timestamp="2023-08-29T18:59:19 IST">
  <testcase classname="Tests.Registry_Module3_MEC_Test" name="Verification_of_added_Exchange_and_Contract_Description_code_on_Exchange_and_Contract_Description_codes_Table" time="80.978"/>
  <testcase classname="Tests.Registry_Module3_MEC_Test" name="Verification_of_added_Exchange_and_Contract_Description_code_on_Edit_Exchange_and_Contract_Description_code_page" time="85.68"/>
  <testcase classname="Tests.Registry_Module3_MEC_Test" name="Verification_of_Cancel_button_functionality_of_Add_Exchange_and_Contract_Description_Code_page_by_Jurisdiction_Admin" time="59.025"/>
  <testcase classname="Tests.Registry_Module3_MEC_Test" name="Verification_of_Edit_submenu_functionality_from_Quick_Actions_menu_in_Exchange_and_Contract_Description_Codes_table" time="84.904"/>
  <testcase classname="Tests.Registry_Module3_MEC_Test" name="Verification_of_Add_Exchange_and_Contract_Description_Code_functionality_from_More_Actions_menu_in_Manage_Exchange_and_Contract_Description_Codes_page" time="42.675"/>
  <testcase classname="Tests.Registry_Module3_MEC_Test" name="Verification_of_Quick_actions_and_More_Actions_button_on_Manage_Exchange_and_Contract_Description_Code_page_to_Jurisdiction_Users_other_than_Admin" time="66.354"/>
  <testcase classname="Tests.Registry_Module3_MEC_Test" name="Verification_of_Cancel_button_functionality_while_editing_Exchang_and_Contract_Description_Code" time="103.143"/>
  <testcase classname="Tests.Registry_Module3_MEC_Test" name="Verification_of_Displayed_in_DropDown_is_checked_on_Edit_Exchange_and_Contract_Description_Code_card" time="107.035"/>
  <testcase classname="Tests.Registry_Module3_MEC_Test" name="Validation_of_Exchange_Contract_Description_Code_in_English_and_Contract_Description_Code_in_French_fields_by_keeping_fields_empty_on_Add_Exchange_and_Contract_Description_Code_page" time="47.15"/>
  <testcase classname="Tests.Registry_Module3_MEC_Test" name="Validation_of_Exchange_Contract_Description_Code_in_English_and_Contract_Description_Code_in_French_fields_on_Add_Exchange_and_Contract_Description_Code_page" time="107.472"/>
  <testcase classname="Tests.Registry_Module3_MEC_Test" name="Verification_of_Displayed_in_Drop_Down_is_unchecked_in_Edit_Exchange_and_Contract_Description_Code_card" time="103.688"/>
  <testcase classname="Tests.Registry_Module3_MEC_Test" name="Validation_of_Exchange_Contract_Description_Code_in_English_and_Contract_Description_Code_in_French_fields_by_keeping_fields_empty_on_Edit_Exchange_and_Contract_Description_Code_page" time="86.301"/>
  <testcase classname="Tests.Registry_Module3_MEC_Test" name="Validation_of_Exchange_Contract_Description_Code_in_English_Contract_Description_Code_in_French_and_Comments_fields_on_Edit_Exchange_and_Contract_Description_Code_page" time="234.776"/>
  <testcase classname="Tests.Registry_Module3_MEC_Test" name="Verification_of_Updated_data_after_Edit_Functionality_on_Manage_Exchange_and_Contract_Description_Code_page" time="102.904">
    <failure type="java.lang.AssertionError" message="expected [true] but found [false]">
      <![CDATA[java.lang.AssertionError: expected [true] but found [false]
at pageObjects.Registry_Module3_MEC.navigateToEditExchangeandContractDescriptionCode(Registry_Module3_MEC.java:350)
at pageObjects.Registry_Module3_MEC.verify_EditFunctionality_Other_JurisdictionAdmin(Registry_Module3_MEC.java:843)
at Tests.Registry_Module3_MEC_Test.Verification_of_Updated_data_after_Edit_Functionality_on_Manage_Exchange_and_Contract_Description_Code_page(Registry_Module3_MEC_Test.java:188)
at java.base/java.util.ArrayList.forEach(ArrayList.java:1511)
... Removed 33 stack frames]]>
    </failure>
  </testcase> <!-- Verification_of_Updated_data_after_Edit_Functionality_on_Manage_Exchange_and_Contract_Description_Code_page -->
  <testcase classname="Tests.Registry_Module3_MEC_Test" name="Verification_of_Updated_data_after_Edit_Functionality_on_Edit_Exchange_and_Contract_Description_Code_page" time="147.356"/>
  <testcase classname="Tests.Registry_Module3_MEC_Test" name="UI_Verification_of_Manage_Exchange_and_Contract_Description_Code_Screen_for_All_Jurisdiction_Users" time="36.384">
    <failure type="java.lang.IndexOutOfBoundsException" message="Index 6 out of bounds for length 6">
      <![CDATA[java.lang.IndexOutOfBoundsException: Index 6 out of bounds for length 6
at java.base/jdk.internal.util.Preconditions.outOfBounds(Preconditions.java:64)
at java.base/jdk.internal.util.Preconditions.outOfBoundsCheckIndex(Preconditions.java:70)
at java.base/jdk.internal.util.Preconditions.checkIndex(Preconditions.java:266)
at java.base/java.util.Objects.checkIndex(Objects.java:359)
at java.base/java.util.ArrayList.get(ArrayList.java:427)
at pageObjects.Registry_Module3_MEC.verifyUI_ManageMECPage(Registry_Module3_MEC.java:215)
at Tests.Registry_Module3_MEC_Test.UI_Verification_of_Manage_Exchange_and_Contract_Description_Code_Screen_for_All_Jurisdiction_Users(Registry_Module3_MEC_Test.java:212)
at java.base/java.util.ArrayList.forEach(ArrayList.java:1511)
... Removed 27 stack frames]]>
    </failure>
  </testcase> <!-- UI_Verification_of_Manage_Exchange_and_Contract_Description_Code_Screen_for_All_Jurisdiction_Users -->
  <testcase classname="Tests.Registry_Module3_MEC_Test" name="UI_Verification_of_Add_Exchange_and_Contract_Description_Code_page_for_Jurisdiction_Admin" time="45.317"/>
  <testcase classname="Tests.Registry_Module3_MEC_Test" name="Verification_of_UI_of_Edit_Exchange_and_Contract_Description_Code_page" time="44.053"/>
</testsuite> <!-- Test -->
