<?xml version="1.0" encoding="UTF-8"?>
<testng-results ignored="48" total="49" passed="1" failed="0" skipped="0">
  <reporter-output>
  </reporter-output>
  <suite started-at="2023-08-31T17:42:45 IST" name="Default suite" finished-at="2023-08-31T17:43:32 IST" duration-ms="46348">
    <groups>
    </groups>
    <test started-at="2023-08-31T17:42:45 IST" name="Default test" finished-at="2023-08-31T17:43:32 IST" duration-ms="46348">
      <class name="Tests.Registry_Module3_MCII_Test">
        <test-method is-config="true" signature="start()[pri:0, instance:Tests.Registry_Module3_MCII_Test@7db12bb6]" started-at="2023-08-31T17:42:45 IST" name="start" finished-at="2023-08-31T17:42:45 IST" duration-ms="16" status="PASS">
          <reporter-output>
          </reporter-output>
        </test-method> <!-- start -->
        <test-method is-config="true" signature="setup()[pri:0, instance:Tests.Registry_Module3_MCII_Test@7db12bb6]" started-at="2023-08-31T17:42:45 IST" name="setup" finished-at="2023-08-31T17:42:49 IST" duration-ms="3687" status="PASS">
          <reporter-output>
          </reporter-output>
        </test-method> <!-- setup -->
        <test-method signature="Verification_of_Start_and_End_Reporting_Period_on_Offset_Issuance_Page()[pri:7, instance:Tests.Registry_Module3_MCII_Test@7db12bb6]" started-at="2023-08-31T17:42:49 IST" name="Verification_of_Start_and_End_Reporting_Period_on_Offset_Issuance_Page" finished-at="2023-08-31T17:43:31 IST" duration-ms="42312" status="PASS">
          <reporter-output>
          </reporter-output>
        </test-method> <!-- Verification_of_Start_and_End_Reporting_Period_on_Offset_Issuance_Page -->
        <test-method is-config="true" signature="addResultToTestrail(org.testng.ITestResult)[pri:0, instance:Tests.Registry_Module3_MCII_Test@7db12bb6]" started-at="2023-08-31T17:43:32 IST" name="addResultToTestrail" finished-at="2023-08-31T17:43:32 IST" duration-ms="4" status="PASS">
          <params>
            <param index="0">
              <value>
                <![CDATA[[TestResult name=Verification_of_Start_and_End_Reporting_Period_on_Offset_Issuance_Page status=SUCCESS method=Registry_Module3_MCII_Test.Verification_of_Start_and_End_Reporting_Period_on_Offset_Issuance_Page()[pri:7, instance:Tests.Registry_Module3_MCII_Test@7db12bb6] output={null}]]]>
              </value>
            </param>
          </params>
          <reporter-output>
          </reporter-output>
        </test-method> <!-- addResultToTestrail -->
        <test-method is-config="true" signature="closeBrowser()[pri:0, instance:Tests.Registry_Module3_MCII_Test@7db12bb6]" started-at="2023-08-31T17:43:32 IST" name="closeBrowser" finished-at="2023-08-31T17:43:32 IST" duration-ms="0" status="PASS">
          <reporter-output>
          </reporter-output>
        </test-method> <!-- closeBrowser -->
        <test-method is-config="true" signature="sentReportToTheMail()[pri:0, instance:Tests.Registry_Module3_MCII_Test@7db12bb6]" started-at="2023-08-31T17:43:32 IST" name="sentReportToTheMail" finished-at="2023-08-31T17:43:32 IST" duration-ms="0" status="PASS">
          <reporter-output>
          </reporter-output>
        </test-method> <!-- sentReportToTheMail -->
      </class> <!-- Tests.Registry_Module3_MCII_Test -->
    </test> <!-- Default test -->
  </suite> <!-- Default suite -->
</testng-results>
